<?xml version="1.0" encoding="UTF-8"?>
<!-- Generated by org.testng.reporters.JUnitReportReporter -->
<testsuite hostname="DESKTOP-4G9GBUI" failures="0" tests="1" name="myPackage.SmokeTest" time="14.174" errors="0" timestamp="2023-02-12T13:28:24 WEST" skipped="0">
  <testcase classname="myPackage.SmokeTest" name="loginTest" time="14.174"/>
  <system-out/>
</testsuite> <!-- myPackage.SmokeTest -->
